<?xml version="1.0" encoding="UTF-8"?>
<!-- Generated by org.testng.reporters.JUnitXMLReporter -->
<testsuite hostname="jmrinhr2292" ignored="0" name="Default test" tests="4" failures="4" timestamp="28 Jan 2020 03:39:26 GMT" time="0.326" errors="0">
  <testcase name="feature" time="0.164" classname="com.framework.TestRunner.TestRunner">
    <failure type="java.lang.NullPointerException">
      <![CDATA[java.lang.NullPointerException
at com.framework.Listeners.ExtentReportListener.testStepHandle(ExtentReportListener.java:48)
at com.framework.StepDef.YouTubeChannelValidationsStepDef.open_Chrome_browser_with_url(YouTubeChannelValidationsStepDef.java:42)
at ✽.Open Chrome browser with url(./features/YouTubeChannelValidation.feature:4)
]]>
    </failure>
  </testcase> <!-- feature -->
  <testcase name="feature" time="0.009" classname="com.framework.TestRunner.TestRunner">
    <failure type="java.lang.NullPointerException">
      <![CDATA[java.lang.NullPointerException
at com.framework.Listeners.ExtentReportListener.testStepHandle(ExtentReportListener.java:48)
at com.framework.StepDef.YouTubeChannelValidationsStepDef.open_Chrome_browser_with_url(YouTubeChannelValidationsStepDef.java:42)
at ✽.Open Chrome browser with url(./features/YouTubeChannelValidation.feature:10)
]]>
    </failure>
  </testcase> <!-- feature -->
  <testcase name="feature" time="0.002" classname="com.framework.TestRunner.TestRunner">
    <failure type="java.lang.NullPointerException">
      <![CDATA[java.lang.NullPointerException
at com.framework.Listeners.ExtentReportListener.testStepHandle(ExtentReportListener.java:48)
at com.framework.StepDef.YouTubeChannelValidationsStepDef.open_Chrome_browser_with_url(YouTubeChannelValidationsStepDef.java:42)
at ✽.Open Chrome browser with url(./features/YouTubeChannelValidation.feature:16)
]]>
    </failure>
  </testcase> <!-- feature -->
  <testcase name="feature" time="0.002" classname="com.framework.TestRunner.TestRunner">
    <failure type="java.lang.NullPointerException">
      <![CDATA[java.lang.NullPointerException
at com.framework.Listeners.ExtentReportListener.testStepHandle(ExtentReportListener.java:48)
at com.framework.StepDef.YouTubeChannelValidationsStepDef.open_Chrome_browser_with_url(YouTubeChannelValidationsStepDef.java:42)
at ✽.Open Chrome browser with url(./features/YouTubeChannelValidation.feature:22)
]]>
    </failure>
  </testcase> <!-- feature -->
</testsuite> <!-- Default test -->
